<?xml version="1.0" encoding="UTF-8"?>
<!-- Generated by org.testng.reporters.JUnitXMLReporter -->
<testsuite ignored="2" hostname="mohs-Latitude-5490" failures="0" tests="1" name="Default test" time="501.602" errors="0" timestamp="2023-06-07T13:05:53 IST">
  <testcase classname="com.mohs10.scripts.THtest" name="Articles" time="496.162"/>
  <testcase classname="com.mohs10.scripts.THtest" name="Authorreg" time="0.0">
    <ignored/>
  </testcase> <!-- Authorreg -->
  <testcase classname="com.mohs10.scripts.THtest" name="Authorval" time="0.0">
    <ignored/>
  </testcase> <!-- Authorval -->
</testsuite> <!-- Default test -->
