<?xml version="1.0" encoding="UTF-8"?>
<!-- Generated by org.testng.reporters.JUnitXMLReporter -->
<testsuite ignored="1" hostname="mohs-Latitude-5490" failures="1" tests="2" name="Test" time="63.417" errors="0" timestamp="2023-04-26T13:47:05 IST">
  <testcase classname="com.mohs10.scripts.HomeTest" name="LoginTestCase" time="52.541"/>
  <testcase classname="com.mohs10.Report.PDFReportTest" name="PDFreports" time="0.009">
    <failure type="java.io.FileNotFoundException" message="TestData\PDF.xlsx (No such file or directory)">
      <![CDATA[java.io.FileNotFoundException: TestData\PDF.xlsx (No such file or directory)
at java.base/java.io.FileInputStream.open0(Native Method)
at java.base/java.io.FileInputStream.open(FileInputStream.java:216)
at java.base/java.io.FileInputStream.<init>(FileInputStream.java:157)
at java.base/java.io.FileInputStream.<init>(FileInputStream.java:111)
at com.mohs10.ActionDriver.XLUtils.getStringCellData(XLUtils.java:57)
at com.mohs10.Report.PDFReportTest.PDFreports(PDFReportTest.java:46)
at java.base/java.util.ArrayList.forEach(ArrayList.java:1511)
... Removed 27 stack frames]]>
    </failure>
  </testcase> <!-- PDFreports -->
  <testcase classname="com.mohs10.base.StartBrowser" name="@BeforeTest generateReport" time="0.0">
    <ignored/>
  </testcase> <!-- @BeforeTest generateReport -->
</testsuite> <!-- Test -->
