<?xml version="1.0" encoding="UTF-8"?>
<testng-results ignored="2" total="3" passed="1" failed="0" skipped="0">
  <reporter-output>
  </reporter-output>
  <suite started-at="2023-06-07T12:57:32 IST" name="Default suite" finished-at="2023-06-07T13:05:53 IST" duration-ms="501602">
    <groups>
    </groups>
    <test started-at="2023-06-07T12:57:32 IST" name="Default test" finished-at="2023-06-07T13:05:53 IST" duration-ms="501602">
      <class name="com.mohs10.scripts.THtest">
        <test-method is-config="true" signature="generateReport()[pri:0, instance:com.mohs10.scripts.THtest@5a56cdac]" started-at="2023-06-07T12:57:32 IST" name="generateReport" finished-at="2023-06-07T12:57:33 IST" duration-ms="826" status="PASS">
          <reporter-output>
          </reporter-output>
        </test-method> <!-- generateReport -->
        <test-method is-config="true" signature="beforeClass()[pri:0, instance:com.mohs10.scripts.THtest@5a56cdac]" started-at="2023-06-07T12:57:33 IST" name="beforeClass" finished-at="2023-06-07T12:57:36 IST" duration-ms="3432" status="PASS">
          <reporter-output>
          </reporter-output>
        </test-method> <!-- beforeClass -->
        <test-method is-config="true" signature="methodName(java.lang.reflect.Method)[pri:0, instance:com.mohs10.scripts.THtest@5a56cdac]" started-at="2023-06-07T12:57:36 IST" name="methodName" finished-at="2023-06-07T12:57:36 IST" duration-ms="19" status="PASS">
          <params>
            <param index="0">
              <value>
                <![CDATA[public void com.mohs10.scripts.THtest.Articles() throws java.lang.Exception]]>
              </value>
            </param>
          </params>
          <reporter-output>
          </reporter-output>
        </test-method> <!-- methodName -->
        <test-method signature="Articles()[pri:0, instance:com.mohs10.scripts.THtest@5a56cdac]" started-at="2023-06-07T12:57:36 IST" name="Articles" finished-at="2023-06-07T13:05:52 IST" duration-ms="496162" status="PASS">
          <reporter-output>
          </reporter-output>
        </test-method> <!-- Articles -->
        <test-method is-config="true" signature="afterClass()[pri:0, instance:com.mohs10.scripts.THtest@5a56cdac]" started-at="2023-06-07T13:05:52 IST" name="afterClass" finished-at="2023-06-07T13:05:53 IST" duration-ms="1063" status="PASS">
          <reporter-output>
          </reporter-output>
        </test-method> <!-- afterClass -->
      </class> <!-- com.mohs10.scripts.THtest -->
    </test> <!-- Default test -->
  </suite> <!-- Default suite -->
</testng-results>
